State 0:
          prog ::= * prog_block
          prog_block ::= * prog_block prog_block
          prog_block ::= * struct_decl
          prog_block ::= * func_decl
      (4) prog_block ::= *
          struct_decl ::= * KW_STRUCT TOK_ID LBRACE var_decl_list RBRACE
          func_decl ::= * KW_FUNC TOK_ID LPARENTHESES var_decl_list RPARENTHESES var_type_list statement_block

                     KW_STRUCT shift  60
                     KW_STRUCT reduce 4   ** Parsing conflict **
                       KW_FUNC shift  49
                       KW_FUNC reduce 4   ** Parsing conflict **
                          prog accept
                    prog_block shift  9
                   struct_decl shift  97
                     func_decl shift  96
                     {default} reduce 4

State 1:
          statement_block ::= LBRACE * statement_list RBRACE
      (8) statement_list ::= *
          statement_list ::= * statement
          statement_list ::= * statement_list statement
          statement ::= * while_stmt
          statement ::= * if_stmt
          statement ::= * for_stmt
          statement ::= * assignment_stmt
          while_stmt ::= * KW_WHILE value statement_block
          if_stmt ::= * KW_IF value statement_block elif_block_list else_block
          assignment_stmt ::= * value_list EQ value_list
          for_stmt ::= * KW_FOR for_stmt_head SEMICOLON value SEMICOLON assignment_stmt statement_block
          value ::= * KW_NULL
          value ::= * TOK_STRING
          value ::= * TOK_INT
          value ::= * TOK_ID
          value ::= * LPARENTHESES value RPARENTHESES
          value ::= * value PLUS value
          value ::= * value MINUS value
          value ::= * NOT value
          value ::= * value LPARENTHESES value_list RPARENTHESES
          value_list ::= * value
          value_list ::= * value_list COMMA value

                           NOT shift  25
                           NOT reduce 8   ** Parsing conflict **
                        TOK_ID shift  88
                        TOK_ID reduce 8   ** Parsing conflict **
                  LPARENTHESES shift  28
                  LPARENTHESES reduce 8   ** Parsing conflict **
                      KW_WHILE shift  24
                      KW_WHILE reduce 8   ** Parsing conflict **
                         KW_IF shift  23
                         KW_IF reduce 8   ** Parsing conflict **
                        KW_FOR shift  7
                        KW_FOR reduce 8   ** Parsing conflict **
                       KW_NULL shift  91
                       KW_NULL reduce 8   ** Parsing conflict **
                    TOK_STRING shift  90
                    TOK_STRING reduce 8   ** Parsing conflict **
                       TOK_INT shift  89
                       TOK_INT reduce 8   ** Parsing conflict **
                statement_list shift  4
                     statement shift  61
                    while_stmt shift  74
                       if_stmt shift  73
                      for_stmt shift  72
               assignment_stmt shift  71
                         value shift  39
                    value_list shift  40
                     {default} reduce 8

State 2:
          func_decl ::= KW_FUNC TOK_ID LPARENTHESES * var_decl_list RPARENTHESES var_type_list statement_block
     (27) var_decl_list ::= *
          var_decl_list ::= * var_decl
          var_decl_list ::= * var_decl_list var_decl
          id_chain ::= * TOK_ID
          id_chain ::= * id_chain DOT TOK_ID
          id_list ::= * TOK_ID
          id_list ::= * id_list COMMA TOK_ID
          var_decl ::= * var_typed_assigned_decl
          var_decl ::= * var_untyped_assigned_decl
          var_decl ::= * var_typed_unassigned_decl
          var_type ::= * id_chain
          var_type ::= * var_type LBRACKET var_type_list RBRACKET
          var_typed_assigned_decl ::= * var_type var_untyped_assigned_decl
          var_typed_unassigned_decl ::= * var_type id_list
          var_untyped_assigned_decl ::= * id_list EQ value_list

                        TOK_ID shift  45
                        TOK_ID reduce 27  ** Parsing conflict **
                 var_decl_list shift  5
       var_typed_assigned_decl shift  85
     var_untyped_assigned_decl shift  84
                      var_decl shift  78
                      id_chain shift  58
                       id_list shift  44
     var_typed_unassigned_decl shift  83
                      var_type shift  18
                     {default} reduce 27

State 3:
          struct_decl ::= KW_STRUCT TOK_ID LBRACE * var_decl_list RBRACE
     (27) var_decl_list ::= *
          var_decl_list ::= * var_decl
          var_decl_list ::= * var_decl_list var_decl
          id_chain ::= * TOK_ID
          id_chain ::= * id_chain DOT TOK_ID
          id_list ::= * TOK_ID
          id_list ::= * id_list COMMA TOK_ID
          var_decl ::= * var_typed_assigned_decl
          var_decl ::= * var_untyped_assigned_decl
          var_decl ::= * var_typed_unassigned_decl
          var_type ::= * id_chain
          var_type ::= * var_type LBRACKET var_type_list RBRACKET
          var_typed_assigned_decl ::= * var_type var_untyped_assigned_decl
          var_typed_unassigned_decl ::= * var_type id_list
          var_untyped_assigned_decl ::= * id_list EQ value_list

                        TOK_ID shift  45
                        TOK_ID reduce 27  ** Parsing conflict **
                 var_decl_list shift  6
       var_typed_assigned_decl shift  85
     var_untyped_assigned_decl shift  84
                      var_decl shift  78
                      id_chain shift  58
                       id_list shift  44
     var_typed_unassigned_decl shift  83
                      var_type shift  18
                     {default} reduce 27

State 4:
          statement_block ::= LBRACE statement_list * RBRACE
          statement_list ::= statement_list * statement
          statement ::= * while_stmt
          statement ::= * if_stmt
          statement ::= * for_stmt
          statement ::= * assignment_stmt
          while_stmt ::= * KW_WHILE value statement_block
          if_stmt ::= * KW_IF value statement_block elif_block_list else_block
          assignment_stmt ::= * value_list EQ value_list
          for_stmt ::= * KW_FOR for_stmt_head SEMICOLON value SEMICOLON assignment_stmt statement_block
          value ::= * KW_NULL
          value ::= * TOK_STRING
          value ::= * TOK_INT
          value ::= * TOK_ID
          value ::= * LPARENTHESES value RPARENTHESES
          value ::= * value PLUS value
          value ::= * value MINUS value
          value ::= * NOT value
          value ::= * value LPARENTHESES value_list RPARENTHESES
          value_list ::= * value
          value_list ::= * value_list COMMA value

                           NOT shift  25
                        TOK_ID shift  88
                        RBRACE shift  76
                  LPARENTHESES shift  28
                      KW_WHILE shift  24
                         KW_IF shift  23
                        KW_FOR shift  7
                       KW_NULL shift  91
                    TOK_STRING shift  90
                       TOK_INT shift  89
                     statement shift  75
                    while_stmt shift  74
                       if_stmt shift  73
                      for_stmt shift  72
               assignment_stmt shift  71
                         value shift  39
                    value_list shift  40

State 5:
          func_decl ::= KW_FUNC TOK_ID LPARENTHESES var_decl_list * RPARENTHESES var_type_list statement_block
          var_decl_list ::= var_decl_list * var_decl
          id_chain ::= * TOK_ID
          id_chain ::= * id_chain DOT TOK_ID
          id_list ::= * TOK_ID
          id_list ::= * id_list COMMA TOK_ID
          var_decl ::= * var_typed_assigned_decl
          var_decl ::= * var_untyped_assigned_decl
          var_decl ::= * var_typed_unassigned_decl
          var_type ::= * id_chain
          var_type ::= * var_type LBRACKET var_type_list RBRACKET
          var_typed_assigned_decl ::= * var_type var_untyped_assigned_decl
          var_typed_unassigned_decl ::= * var_type id_list
          var_untyped_assigned_decl ::= * id_list EQ value_list

                        TOK_ID shift  45
                  RPARENTHESES shift  11
       var_typed_assigned_decl shift  85
     var_untyped_assigned_decl shift  84
                      var_decl shift  94
                      id_chain shift  58
                       id_list shift  44
     var_typed_unassigned_decl shift  83
                      var_type shift  18

State 6:
          struct_decl ::= KW_STRUCT TOK_ID LBRACE var_decl_list * RBRACE
          var_decl_list ::= var_decl_list * var_decl
          id_chain ::= * TOK_ID
          id_chain ::= * id_chain DOT TOK_ID
          id_list ::= * TOK_ID
          id_list ::= * id_list COMMA TOK_ID
          var_decl ::= * var_typed_assigned_decl
          var_decl ::= * var_untyped_assigned_decl
          var_decl ::= * var_typed_unassigned_decl
          var_type ::= * id_chain
          var_type ::= * var_type LBRACKET var_type_list RBRACKET
          var_typed_assigned_decl ::= * var_type var_untyped_assigned_decl
          var_typed_unassigned_decl ::= * var_type id_list
          var_untyped_assigned_decl ::= * id_list EQ value_list

                        TOK_ID shift  45
                        RBRACE shift  95
       var_typed_assigned_decl shift  85
     var_untyped_assigned_decl shift  84
                      var_decl shift  94
                      id_chain shift  58
                       id_list shift  44
     var_typed_unassigned_decl shift  83
                      var_type shift  18

State 7:
          for_stmt ::= KW_FOR * for_stmt_head SEMICOLON value SEMICOLON assignment_stmt statement_block
          for_stmt_head ::= * var_typed_assigned_decl
          for_stmt_head ::= * var_untyped_assigned_decl
     (26) for_stmt_head ::= *
          id_chain ::= * TOK_ID
          id_chain ::= * id_chain DOT TOK_ID
          id_list ::= * TOK_ID
          id_list ::= * id_list COMMA TOK_ID
          var_type ::= * id_chain
          var_type ::= * var_type LBRACKET var_type_list RBRACKET
          var_typed_assigned_decl ::= * var_type var_untyped_assigned_decl
          var_untyped_assigned_decl ::= * id_list EQ value_list

                        TOK_ID shift  45
                 for_stmt_head shift  46
       var_typed_assigned_decl shift  63
     var_untyped_assigned_decl shift  62
                      id_chain shift  58
                       id_list shift  44
                      var_type shift  16
                     {default} reduce 26

State 8:
          assignment_stmt ::= * value_list EQ value_list
          for_stmt ::= KW_FOR for_stmt_head SEMICOLON value SEMICOLON * assignment_stmt statement_block
          value ::= * KW_NULL
          value ::= * TOK_STRING
          value ::= * TOK_INT
          value ::= * TOK_ID
          value ::= * LPARENTHESES value RPARENTHESES
          value ::= * value PLUS value
          value ::= * value MINUS value
          value ::= * NOT value
          value ::= * value LPARENTHESES value_list RPARENTHESES
          value_list ::= * value
          value_list ::= * value_list COMMA value

                           NOT shift  25
                        TOK_ID shift  88
                  LPARENTHESES shift  28
                       KW_NULL shift  91
                    TOK_STRING shift  90
                       TOK_INT shift  89
               assignment_stmt shift  34
                         value shift  39
                    value_list shift  40

State 9:
      (0) prog ::= prog_block *
          prog_block ::= * prog_block prog_block
          prog_block ::= prog_block * prog_block
          prog_block ::= * struct_decl
          prog_block ::= * func_decl
      (4) prog_block ::= *
          struct_decl ::= * KW_STRUCT TOK_ID LBRACE var_decl_list RBRACE
          func_decl ::= * KW_FUNC TOK_ID LPARENTHESES var_decl_list RPARENTHESES var_type_list statement_block

                             $ reduce 0
                             $ reduce 4   ** Parsing conflict **
                     KW_STRUCT shift  60
                     KW_STRUCT reduce 4   ** Parsing conflict **
                       KW_FUNC shift  49
                       KW_FUNC reduce 4   ** Parsing conflict **
                    prog_block shift  10
                   struct_decl shift  97
                     func_decl shift  96

State 10:
          prog_block ::= * prog_block prog_block
          prog_block ::= prog_block * prog_block
      (1) prog_block ::= prog_block prog_block *
          prog_block ::= * struct_decl
          prog_block ::= * func_decl
      (4) prog_block ::= *
          struct_decl ::= * KW_STRUCT TOK_ID LBRACE var_decl_list RBRACE
          func_decl ::= * KW_FUNC TOK_ID LPARENTHESES var_decl_list RPARENTHESES var_type_list statement_block

                             $ reduce 4   ** Parsing conflict **
                     KW_STRUCT shift  60
                     KW_STRUCT reduce 4   ** Parsing conflict **
                     KW_STRUCT reduce 1   ** Parsing conflict **
                       KW_FUNC shift  49
                       KW_FUNC reduce 4   ** Parsing conflict **
                       KW_FUNC reduce 1   ** Parsing conflict **
                    prog_block shift  10
                   struct_decl shift  97
                     func_decl shift  96
                     {default} reduce 1

State 11:
          func_decl ::= KW_FUNC TOK_ID LPARENTHESES var_decl_list RPARENTHESES * var_type_list statement_block
          id_chain ::= * TOK_ID
          id_chain ::= * id_chain DOT TOK_ID
          var_type ::= * id_chain
          var_type ::= * var_type LBRACKET var_type_list RBRACKET
          var_type_list ::= * var_type
          var_type_list ::= * var_type_list COMMA var_type

                        TOK_ID shift  81
                 var_type_list shift  33
                      id_chain shift  58
                      var_type shift  51

State 12:
          id_chain ::= * TOK_ID
          id_chain ::= * id_chain DOT TOK_ID
          var_type ::= * id_chain
          var_type ::= * var_type LBRACKET var_type_list RBRACKET
          var_type ::= var_type LBRACKET * var_type_list RBRACKET
          var_type_list ::= * var_type
          var_type_list ::= * var_type_list COMMA var_type

                        TOK_ID shift  81
                 var_type_list shift  41
                      id_chain shift  58
                      var_type shift  51

State 13:
          assignment_stmt ::= value_list EQ * value_list
          value ::= * KW_NULL
          value ::= * TOK_STRING
          value ::= * TOK_INT
          value ::= * TOK_ID
          value ::= * LPARENTHESES value RPARENTHESES
          value ::= * value PLUS value
          value ::= * value MINUS value
          value ::= * NOT value
          value ::= * value LPARENTHESES value_list RPARENTHESES
          value_list ::= * value
          value_list ::= * value_list COMMA value

                           NOT shift  25
                        TOK_ID shift  88
                  LPARENTHESES shift  28
                       KW_NULL shift  91
                    TOK_STRING shift  90
                       TOK_INT shift  89
                         value shift  39
                    value_list shift  47

State 14:
          value ::= * KW_NULL
          value ::= * TOK_STRING
          value ::= * TOK_INT
          value ::= * TOK_ID
          value ::= * LPARENTHESES value RPARENTHESES
          value ::= * value PLUS value
          value ::= * value MINUS value
          value ::= * NOT value
          value ::= * value LPARENTHESES value_list RPARENTHESES
          value ::= value LPARENTHESES * value_list RPARENTHESES
          value_list ::= * value
          value_list ::= * value_list COMMA value

                           NOT shift  25
                        TOK_ID shift  88
                  LPARENTHESES shift  28
                       KW_NULL shift  91
                    TOK_STRING shift  90
                       TOK_INT shift  89
                         value shift  39
                    value_list shift  43

State 15:
          var_untyped_assigned_decl ::= id_list EQ * value_list
          value ::= * KW_NULL
          value ::= * TOK_STRING
          value ::= * TOK_INT
          value ::= * TOK_ID
          value ::= * LPARENTHESES value RPARENTHESES
          value ::= * value PLUS value
          value ::= * value MINUS value
          value ::= * NOT value
          value ::= * value LPARENTHESES value_list RPARENTHESES
          value_list ::= * value
          value_list ::= * value_list COMMA value

                           NOT shift  25
                        TOK_ID shift  88
                  LPARENTHESES shift  28
                       KW_NULL shift  91
                    TOK_STRING shift  90
                       TOK_INT shift  89
                         value shift  39
                    value_list shift  55

State 16:
          id_list ::= * TOK_ID
          id_list ::= * id_list COMMA TOK_ID
          var_type ::= var_type * LBRACKET var_type_list RBRACKET
          var_typed_assigned_decl ::= var_type * var_untyped_assigned_decl
          var_untyped_assigned_decl ::= * id_list EQ value_list

                        TOK_ID shift  82
                      LBRACKET shift  12
     var_untyped_assigned_decl shift  79
                       id_list shift  44

State 17:
          if_stmt ::= KW_IF value statement_block elif_block_list * else_block
          elif_block ::= * KW_ELIF value statement_block
          elif_block_list ::= elif_block_list * elif_block
          else_block ::= * KW_ELSE statement_block

                       KW_ELIF shift  22
                       KW_ELSE shift  35
                    else_block shift  69
                    elif_block shift  67

State 18:
          id_list ::= * TOK_ID
          id_list ::= * id_list COMMA TOK_ID
          var_type ::= var_type * LBRACKET var_type_list RBRACKET
          var_typed_assigned_decl ::= var_type * var_untyped_assigned_decl
          var_typed_unassigned_decl ::= var_type * id_list
          var_untyped_assigned_decl ::= * id_list EQ value_list

                        TOK_ID shift  82
                      LBRACKET shift  12
     var_untyped_assigned_decl shift  79
                       id_list shift  42

State 19:
          if_stmt ::= KW_IF value statement_block * elif_block_list else_block
          elif_block ::= * KW_ELIF value statement_block
     (18) elif_block_list ::= *
          elif_block_list ::= * elif_block
          elif_block_list ::= * elif_block_list elif_block

                       KW_ELIF shift  22
                       KW_ELIF reduce 18  ** Parsing conflict **
               elif_block_list shift  17
                    elif_block shift  65
                     {default} reduce 18

State 20:
          id_chain ::= * TOK_ID
          id_chain ::= * id_chain DOT TOK_ID
          var_type ::= * id_chain
          var_type ::= * var_type LBRACKET var_type_list RBRACKET
          var_type_list ::= var_type_list COMMA * var_type

                        TOK_ID shift  81
                      id_chain shift  58
                      var_type shift  50

State 21:
          for_stmt ::= KW_FOR for_stmt_head SEMICOLON * value SEMICOLON assignment_stmt statement_block
          value ::= * KW_NULL
          value ::= * TOK_STRING
          value ::= * TOK_INT
          value ::= * TOK_ID
          value ::= * LPARENTHESES value RPARENTHESES
          value ::= * value PLUS value
          value ::= * value MINUS value
          value ::= * NOT value
          value ::= * value LPARENTHESES value_list RPARENTHESES

                           NOT shift  25
                        TOK_ID shift  88
                  LPARENTHESES shift  28
                       KW_NULL shift  91
                    TOK_STRING shift  90
                       TOK_INT shift  89
                         value shift  36

State 22:
          elif_block ::= KW_ELIF * value statement_block
          value ::= * KW_NULL
          value ::= * TOK_STRING
          value ::= * TOK_INT
          value ::= * TOK_ID
          value ::= * LPARENTHESES value RPARENTHESES
          value ::= * value PLUS value
          value ::= * value MINUS value
          value ::= * NOT value
          value ::= * value LPARENTHESES value_list RPARENTHESES

                           NOT shift  25
                        TOK_ID shift  88
                  LPARENTHESES shift  28
                       KW_NULL shift  91
                    TOK_STRING shift  90
                       TOK_INT shift  89
                         value shift  30

State 23:
          if_stmt ::= KW_IF * value statement_block elif_block_list else_block
          value ::= * KW_NULL
          value ::= * TOK_STRING
          value ::= * TOK_INT
          value ::= * TOK_ID
          value ::= * LPARENTHESES value RPARENTHESES
          value ::= * value PLUS value
          value ::= * value MINUS value
          value ::= * NOT value
          value ::= * value LPARENTHESES value_list RPARENTHESES

                           NOT shift  25
                        TOK_ID shift  88
                  LPARENTHESES shift  28
                       KW_NULL shift  91
                    TOK_STRING shift  90
                       TOK_INT shift  89
                         value shift  31

State 24:
          while_stmt ::= KW_WHILE * value statement_block
          value ::= * KW_NULL
          value ::= * TOK_STRING
          value ::= * TOK_INT
          value ::= * TOK_ID
          value ::= * LPARENTHESES value RPARENTHESES
          value ::= * value PLUS value
          value ::= * value MINUS value
          value ::= * NOT value
          value ::= * value LPARENTHESES value_list RPARENTHESES

                           NOT shift  25
                        TOK_ID shift  88
                  LPARENTHESES shift  28
                       KW_NULL shift  91
                    TOK_STRING shift  90
                       TOK_INT shift  89
                         value shift  32

State 25:
          value ::= * KW_NULL
          value ::= * TOK_STRING
          value ::= * TOK_INT
          value ::= * TOK_ID
          value ::= * LPARENTHESES value RPARENTHESES
          value ::= * value PLUS value
          value ::= * value MINUS value
          value ::= * NOT value
          value ::= NOT * value
          value ::= * value LPARENTHESES value_list RPARENTHESES

                           NOT shift  25
                        TOK_ID shift  88
                  LPARENTHESES shift  28
                       KW_NULL shift  91
                    TOK_STRING shift  90
                       TOK_INT shift  89
                         value shift  52

State 26:
          value ::= * KW_NULL
          value ::= * TOK_STRING
          value ::= * TOK_INT
          value ::= * TOK_ID
          value ::= * LPARENTHESES value RPARENTHESES
          value ::= * value PLUS value
          value ::= * value MINUS value
          value ::= value MINUS * value
          value ::= * NOT value
          value ::= * value LPARENTHESES value_list RPARENTHESES

                           NOT shift  25
                        TOK_ID shift  88
                  LPARENTHESES shift  28
                       KW_NULL shift  91
                    TOK_STRING shift  90
                       TOK_INT shift  89
                         value shift  53

State 27:
          value ::= * KW_NULL
          value ::= * TOK_STRING
          value ::= * TOK_INT
          value ::= * TOK_ID
          value ::= * LPARENTHESES value RPARENTHESES
          value ::= * value PLUS value
          value ::= value PLUS * value
          value ::= * value MINUS value
          value ::= * NOT value
          value ::= * value LPARENTHESES value_list RPARENTHESES

                           NOT shift  25
                        TOK_ID shift  88
                  LPARENTHESES shift  28
                       KW_NULL shift  91
                    TOK_STRING shift  90
                       TOK_INT shift  89
                         value shift  54

State 28:
          value ::= * KW_NULL
          value ::= * TOK_STRING
          value ::= * TOK_INT
          value ::= * TOK_ID
          value ::= * LPARENTHESES value RPARENTHESES
          value ::= LPARENTHESES * value RPARENTHESES
          value ::= * value PLUS value
          value ::= * value MINUS value
          value ::= * NOT value
          value ::= * value LPARENTHESES value_list RPARENTHESES

                           NOT shift  25
                        TOK_ID shift  88
                  LPARENTHESES shift  28
                       KW_NULL shift  91
                    TOK_STRING shift  90
                       TOK_INT shift  89
                         value shift  37

State 29:
          value ::= * KW_NULL
          value ::= * TOK_STRING
          value ::= * TOK_INT
          value ::= * TOK_ID
          value ::= * LPARENTHESES value RPARENTHESES
          value ::= * value PLUS value
          value ::= * value MINUS value
          value ::= * NOT value
          value ::= * value LPARENTHESES value_list RPARENTHESES
          value_list ::= value_list COMMA * value

                           NOT shift  25
                        TOK_ID shift  88
                  LPARENTHESES shift  28
                       KW_NULL shift  91
                    TOK_STRING shift  90
                       TOK_INT shift  89
                         value shift  38

State 30:
          statement_block ::= * LBRACE statement_list RBRACE
          elif_block ::= KW_ELIF value * statement_block
          value ::= value * PLUS value
          value ::= value * MINUS value
          value ::= value * LPARENTHESES value_list RPARENTHESES

                          PLUS shift  27
                         MINUS shift  26
                        LBRACE shift  1
                  LPARENTHESES shift  14
               statement_block shift  68

State 31:
          statement_block ::= * LBRACE statement_list RBRACE
          if_stmt ::= KW_IF value * statement_block elif_block_list else_block
          value ::= value * PLUS value
          value ::= value * MINUS value
          value ::= value * LPARENTHESES value_list RPARENTHESES

                          PLUS shift  27
                         MINUS shift  26
                        LBRACE shift  1
                  LPARENTHESES shift  14
               statement_block shift  19

State 32:
          statement_block ::= * LBRACE statement_list RBRACE
          while_stmt ::= KW_WHILE value * statement_block
          value ::= value * PLUS value
          value ::= value * MINUS value
          value ::= value * LPARENTHESES value_list RPARENTHESES

                          PLUS shift  27
                         MINUS shift  26
                        LBRACE shift  1
                  LPARENTHESES shift  14
               statement_block shift  70

State 33:
          func_decl ::= KW_FUNC TOK_ID LPARENTHESES var_decl_list RPARENTHESES var_type_list * statement_block
          statement_block ::= * LBRACE statement_list RBRACE
          var_type_list ::= var_type_list * COMMA var_type

                        LBRACE shift  1
                         COMMA shift  20
               statement_block shift  77

State 34:
          statement_block ::= * LBRACE statement_list RBRACE
          for_stmt ::= KW_FOR for_stmt_head SEMICOLON value SEMICOLON assignment_stmt * statement_block

                        LBRACE shift  1
               statement_block shift  64

State 35:
          statement_block ::= * LBRACE statement_list RBRACE
          else_block ::= KW_ELSE * statement_block

                        LBRACE shift  1
               statement_block shift  66

State 36:
          for_stmt ::= KW_FOR for_stmt_head SEMICOLON value * SEMICOLON assignment_stmt statement_block
          value ::= value * PLUS value
          value ::= value * MINUS value
          value ::= value * LPARENTHESES value_list RPARENTHESES

                          PLUS shift  27
                         MINUS shift  26
                  LPARENTHESES shift  14
                     SEMICOLON shift  8

State 37:
          value ::= LPARENTHESES value * RPARENTHESES
          value ::= value * PLUS value
          value ::= value * MINUS value
          value ::= value * LPARENTHESES value_list RPARENTHESES

                          PLUS shift  27
                         MINUS shift  26
                  LPARENTHESES shift  14
                  RPARENTHESES shift  87

State 38:
          value ::= value * PLUS value
          value ::= value * MINUS value
          value ::= value * LPARENTHESES value_list RPARENTHESES
     (54) value_list ::= value_list COMMA value *

                          PLUS shift  27
                         MINUS shift  26
                  LPARENTHESES shift  14
                  LPARENTHESES reduce 54  ** Parsing conflict **
                     {default} reduce 54

State 39:
          value ::= value * PLUS value
          value ::= value * MINUS value
          value ::= value * LPARENTHESES value_list RPARENTHESES
     (53) value_list ::= value *

                          PLUS shift  27
                         MINUS shift  26
                  LPARENTHESES shift  14
                  LPARENTHESES reduce 53  ** Parsing conflict **
                     {default} reduce 53

State 40:
          assignment_stmt ::= value_list * EQ value_list
          value_list ::= value_list * COMMA value

                            EQ shift  13
                         COMMA shift  29

State 41:
          var_type ::= var_type LBRACKET var_type_list * RBRACKET
          var_type_list ::= var_type_list * COMMA var_type

                         COMMA shift  20
                      RBRACKET shift  80

State 42:
          id_list ::= id_list * COMMA TOK_ID
     (42) var_typed_unassigned_decl ::= var_type id_list *
          var_untyped_assigned_decl ::= id_list * EQ value_list

                            EQ shift  15
                         COMMA shift  56
                     {default} reduce 42

State 43:
          value ::= value LPARENTHESES value_list * RPARENTHESES
          value_list ::= value_list * COMMA value

                  RPARENTHESES shift  86
                         COMMA shift  29

State 44:
          id_list ::= id_list * COMMA TOK_ID
          var_untyped_assigned_decl ::= id_list * EQ value_list

                            EQ shift  15
                         COMMA shift  56

State 45:
     (30) id_chain ::= TOK_ID *
     (32) id_list ::= TOK_ID *

                            EQ reduce 32
                         COMMA reduce 32
                     {default} reduce 30

State 46:
          for_stmt ::= KW_FOR for_stmt_head * SEMICOLON value SEMICOLON assignment_stmt statement_block

                     SEMICOLON shift  21

State 47:
     (22) assignment_stmt ::= value_list EQ value_list *
          value_list ::= value_list * COMMA value

                         COMMA shift  29
                     {default} reduce 22

State 48:
          func_decl ::= KW_FUNC TOK_ID * LPARENTHESES var_decl_list RPARENTHESES var_type_list statement_block

                  LPARENTHESES shift  2

State 49:
          func_decl ::= KW_FUNC * TOK_ID LPARENTHESES var_decl_list RPARENTHESES var_type_list statement_block

                        TOK_ID shift  48

State 50:
          var_type ::= var_type * LBRACKET var_type_list RBRACKET
     (40) var_type_list ::= var_type_list COMMA var_type *

                      LBRACKET shift  12
                     {default} reduce 40

State 51:
          var_type ::= var_type * LBRACKET var_type_list RBRACKET
     (39) var_type_list ::= var_type *

                      LBRACKET shift  12
                     {default} reduce 39

State 52:
          value ::= value * PLUS value
          value ::= value * MINUS value
     (51) value ::= NOT value *
          value ::= value * LPARENTHESES value_list RPARENTHESES

                  LPARENTHESES shift  14
                  LPARENTHESES reduce 51  ** Parsing conflict **
                     {default} reduce 51

State 53:
          value ::= value * PLUS value
          value ::= value * MINUS value
     (50) value ::= value MINUS value *
          value ::= value * LPARENTHESES value_list RPARENTHESES

                  LPARENTHESES shift  14
                  LPARENTHESES reduce 50  ** Parsing conflict **
                     {default} reduce 50

State 54:
          value ::= value * PLUS value
     (49) value ::= value PLUS value *
          value ::= value * MINUS value
          value ::= value * LPARENTHESES value_list RPARENTHESES

                  LPARENTHESES shift  14
                  LPARENTHESES reduce 49  ** Parsing conflict **
                     {default} reduce 49

State 55:
     (43) var_untyped_assigned_decl ::= id_list EQ value_list *
          value_list ::= value_list * COMMA value

                         COMMA shift  29
                     {default} reduce 43

State 56:
          id_list ::= id_list COMMA * TOK_ID

                        TOK_ID shift  92

State 57:
          id_chain ::= id_chain DOT * TOK_ID

                        TOK_ID shift  93

State 58:
          id_chain ::= id_chain * DOT TOK_ID
     (37) var_type ::= id_chain *

                           DOT shift  57
                     {default} reduce 37

State 59:
          struct_decl ::= KW_STRUCT TOK_ID * LBRACE var_decl_list RBRACE

                        LBRACE shift  3

State 60:
          struct_decl ::= KW_STRUCT * TOK_ID LBRACE var_decl_list RBRACE

                        TOK_ID shift  59

State 61:
      (9) statement_list ::= statement *

                     {default} reduce 9

State 62:
     (25) for_stmt_head ::= var_untyped_assigned_decl *

                     {default} reduce 25

State 63:
     (24) for_stmt_head ::= var_typed_assigned_decl *

                     {default} reduce 24

State 64:
     (23) for_stmt ::= KW_FOR for_stmt_head SEMICOLON value SEMICOLON assignment_stmt statement_block *

                     {default} reduce 23

State 65:
     (19) elif_block_list ::= elif_block *

                     {default} reduce 19

State 66:
     (21) else_block ::= KW_ELSE statement_block *

                     {default} reduce 21

State 67:
     (20) elif_block_list ::= elif_block_list elif_block *

                     {default} reduce 20

State 68:
     (17) elif_block ::= KW_ELIF value statement_block *

                     {default} reduce 17

State 69:
     (16) if_stmt ::= KW_IF value statement_block elif_block_list else_block *

                     {default} reduce 16

State 70:
     (15) while_stmt ::= KW_WHILE value statement_block *

                     {default} reduce 15

State 71:
     (14) statement ::= assignment_stmt *

                     {default} reduce 14

State 72:
     (13) statement ::= for_stmt *

                     {default} reduce 13

State 73:
     (12) statement ::= if_stmt *

                     {default} reduce 12

State 74:
     (11) statement ::= while_stmt *

                     {default} reduce 11

State 75:
     (10) statement_list ::= statement_list statement *

                     {default} reduce 10

State 76:
      (7) statement_block ::= LBRACE statement_list RBRACE *

                     {default} reduce 7

State 77:
      (6) func_decl ::= KW_FUNC TOK_ID LPARENTHESES var_decl_list RPARENTHESES var_type_list statement_block *

                     {default} reduce 6

State 78:
     (28) var_decl_list ::= var_decl *

                     {default} reduce 28

State 79:
     (41) var_typed_assigned_decl ::= var_type var_untyped_assigned_decl *

                     {default} reduce 41

State 80:
     (38) var_type ::= var_type LBRACKET var_type_list RBRACKET *

                     {default} reduce 38

State 81:
     (30) id_chain ::= TOK_ID *

                     {default} reduce 30

State 82:
     (32) id_list ::= TOK_ID *

                     {default} reduce 32

State 83:
     (36) var_decl ::= var_typed_unassigned_decl *

                     {default} reduce 36

State 84:
     (35) var_decl ::= var_untyped_assigned_decl *

                     {default} reduce 35

State 85:
     (34) var_decl ::= var_typed_assigned_decl *

                     {default} reduce 34

State 86:
     (52) value ::= value LPARENTHESES value_list RPARENTHESES *

                     {default} reduce 52

State 87:
     (48) value ::= LPARENTHESES value RPARENTHESES *

                     {default} reduce 48

State 88:
     (47) value ::= TOK_ID *

                     {default} reduce 47

State 89:
     (46) value ::= TOK_INT *

                     {default} reduce 46

State 90:
     (45) value ::= TOK_STRING *

                     {default} reduce 45

State 91:
     (44) value ::= KW_NULL *

                     {default} reduce 44

State 92:
     (33) id_list ::= id_list COMMA TOK_ID *

                     {default} reduce 33

State 93:
     (31) id_chain ::= id_chain DOT TOK_ID *

                     {default} reduce 31

State 94:
     (29) var_decl_list ::= var_decl_list var_decl *

                     {default} reduce 29

State 95:
      (5) struct_decl ::= KW_STRUCT TOK_ID LBRACE var_decl_list RBRACE *

                     {default} reduce 5

State 96:
      (3) prog_block ::= func_decl *

                     {default} reduce 3

State 97:
      (2) prog_block ::= struct_decl *

                     {default} reduce 2

----------------------------------------------------
Symbols:
    0: $:
    1: PLUS
    2: MINUS
    3: MUL
    4: DIV
    5: OR
    6: AND
    7: DOT
    8: NOT
    9: KW_STRUCT
   10: TOK_ID
   11: LBRACE
   12: RBRACE
   13: KW_FUNC
   14: LPARENTHESES
   15: RPARENTHESES
   16: KW_WHILE
   17: KW_IF
   18: KW_ELIF
   19: KW_ELSE
   20: EQ
   21: KW_FOR
   22: SEMICOLON
   23: COMMA
   24: LBRACKET
   25: RBRACKET
   26: KW_NULL
   27: TOK_STRING
   28: TOK_INT
   29: error:
   30: prog: <lambda> KW_STRUCT KW_FUNC
   31: prog_block: <lambda> KW_STRUCT KW_FUNC
   32: struct_decl: KW_STRUCT
   33: func_decl: KW_FUNC
   34: var_decl_list: <lambda> TOK_ID
   35: var_type_list: TOK_ID
   36: statement_block: LBRACE
   37: statement_list: <lambda> NOT TOK_ID LPARENTHESES KW_WHILE KW_IF KW_FOR KW_NULL TOK_STRING TOK_INT
   38: statement: NOT TOK_ID LPARENTHESES KW_WHILE KW_IF KW_FOR KW_NULL TOK_STRING TOK_INT
   39: while_stmt: KW_WHILE
   40: if_stmt: KW_IF
   41: for_stmt: KW_FOR
   42: assignment_stmt: NOT TOK_ID LPARENTHESES KW_NULL TOK_STRING TOK_INT
   43: value: NOT TOK_ID LPARENTHESES KW_NULL TOK_STRING TOK_INT
   44: elif_block_list: <lambda> KW_ELIF
   45: else_block: KW_ELSE
   46: elif_block: KW_ELIF
   47: value_list: NOT TOK_ID LPARENTHESES KW_NULL TOK_STRING TOK_INT
   48: for_stmt_head: <lambda> TOK_ID
   49: var_typed_assigned_decl: TOK_ID
   50: var_untyped_assigned_decl: TOK_ID
   51: var_decl: TOK_ID
   52: id_chain: TOK_ID
   53: id_list: TOK_ID
   54: var_typed_unassigned_decl: TOK_ID
   55: var_type: TOK_ID
